<?xml version="1.0" encoding="UTF-8"?>
<!-- Generated by org.testng.reporters.JUnitXMLReporter -->
<testsuite ignored="2" hostname="Baby" failures="0" tests="2" name="AnsweringService" time="57.261" errors="0" timestamp="2022-12-14T16:52:19 IST">
  <testcase classname="test.java.com.answerconnect.deployment.testcases.Sign_In_Anct" name="sign_In_Page" time="26.611"/>
  <testcase classname="test.java.com.answerconnect.deployment.testcases.CallsTab" name="calls_Page" time="15.425"/>
  <testcase classname="main.java.com.answerconnect.app.base.AutomationTest" name="@AfterSuite tearDown" time="0.0">
    <ignored/>
  </testcase> <!-- @AfterSuite tearDown -->
  <testcase classname="main.java.com.answerconnect.app.base.AutomationTest" name="@BeforeTest launchApp" time="0.0">
    <ignored/>
  </testcase> <!-- @BeforeTest launchApp -->
</testsuite> <!-- AnsweringService -->
