<?xml version="1.0" encoding="UTF-8"?>
<testng-results ignored="0" total="0" passed="0" failed="0" skipped="0">
  <reporter-output>
  </reporter-output>
  <suite started-at="2022-12-15T12:34:32 IST" name="AndroidAutomation" finished-at="2022-12-15T12:34:32 IST" duration-ms="13">
    <groups>
    </groups>
    <test started-at="2022-12-15T12:34:32 IST" name="AnsweringService" finished-at="2022-12-15T12:34:32 IST" duration-ms="13">
    </test> <!-- AnsweringService -->
  </suite> <!-- AndroidAutomation -->
</testng-results>
